2021-12-07 15:24:37.774  INFO 37444 --- [restartedMain] c.s.SpringMyblogApplication              : Starting SpringMyblogApplication using Java 1.8.0_241 on DESKTOP-LRE0D2Q with PID 37444 (E:\JAVA\JavaProjects\spring_myblog\target\classes started by zhao in E:\JAVA\JavaProjects\spring_myblog)
2021-12-07 15:24:37.801 DEBUG 37444 --- [restartedMain] c.s.SpringMyblogApplication              : Running with Spring Boot v2.5.0, Spring v5.3.7
2021-12-07 15:24:37.802  INFO 37444 --- [restartedMain] c.s.SpringMyblogApplication              : No active profile set, falling back to default profiles: default
2021-12-07 15:24:38.034  INFO 37444 --- [restartedMain] .e.DevToolsPropertyDefaultsPostProcessor : Devtools property defaults active! Set 'spring.devtools.add-properties' to 'false' to disable
2021-12-07 15:24:38.036  INFO 37444 --- [restartedMain] .e.DevToolsPropertyDefaultsPostProcessor : For additional web related logging consider setting the 'logging.level.web' property to 'DEBUG'
2021-12-07 15:24:41.723  INFO 37444 --- [restartedMain] o.s.b.w.embedded.tomcat.TomcatWebServer  : Tomcat initialized with port(s): 8080 (http)
2021-12-07 15:24:41.746  INFO 37444 --- [restartedMain] o.apache.catalina.core.StandardService   : Starting service [Tomcat]
2021-12-07 15:24:41.747  INFO 37444 --- [restartedMain] org.apache.catalina.core.StandardEngine  : Starting Servlet engine: [Apache Tomcat/9.0.46]
2021-12-07 15:24:42.267  INFO 37444 --- [restartedMain] o.a.c.c.C.[Tomcat].[localhost].[/]       : Initializing Spring embedded WebApplicationContext
2021-12-07 15:24:42.270  INFO 37444 --- [restartedMain] w.s.c.ServletWebServerApplicationContext : Root WebApplicationContext: initialization completed in 4231 ms
2021-12-07 15:24:44.390  INFO 37444 --- [restartedMain] o.s.b.a.w.s.WelcomePageHandlerMapping    : Adding welcome page template: index
2021-12-07 15:24:45.918  INFO 37444 --- [restartedMain] o.s.b.d.a.OptionalLiveReloadServer       : LiveReload server is running on port 35729
2021-12-07 15:24:46.041  INFO 37444 --- [restartedMain] o.s.b.w.embedded.tomcat.TomcatWebServer  : Tomcat started on port(s): 8080 (http) with context path ''
2021-12-07 15:24:46.092  INFO 37444 --- [restartedMain] c.s.SpringMyblogApplication              : Started SpringMyblogApplication in 9.376 seconds (JVM running for 11.942)
2021-12-07 15:24:46.099  INFO 37444 --- [restartedMain] o.s.b.a.ApplicationAvailabilityBean      : Application availability state LivenessState changed to CORRECT
2021-12-07 15:24:46.107  INFO 37444 --- [restartedMain] o.s.b.a.ApplicationAvailabilityBean      : Application availability state ReadinessState changed to ACCEPTING_TRAFFIC
2021-12-07 15:25:00.012  INFO 37444 --- [http-nio-8080-exec-1] o.a.c.c.C.[Tomcat].[localhost].[/]       : Initializing Spring DispatcherServlet 'dispatcherServlet'
2021-12-07 15:25:00.013  INFO 37444 --- [http-nio-8080-exec-1] o.s.web.servlet.DispatcherServlet        : Initializing Servlet 'dispatcherServlet'
2021-12-07 15:25:00.016  INFO 37444 --- [http-nio-8080-exec-1] o.s.web.servlet.DispatcherServlet        : Completed initialization in 3 ms
2021-12-07 15:25:00.136  INFO 37444 --- [http-nio-8080-exec-1] com.springbootmyblog.aspect.LogAspect    : Request : RequestLog{url='http://localhost:8080/', ip='0:0:0:0:0:0:0:1', classMethod='com.springbootmyblog.controller.IndexController.index', args=[1, {}]}
2021-12-07 15:25:00.213  INFO 37444 --- [http-nio-8080-exec-1] com.zaxxer.hikari.HikariDataSource       : HikariPool-1 - Starting...
2021-12-07 15:25:02.254  INFO 37444 --- [http-nio-8080-exec-1] com.zaxxer.hikari.HikariDataSource       : HikariPool-1 - Start completed.
2021-12-07 15:25:02.269 DEBUG 37444 --- [http-nio-8080-exec-1] c.s.mapper.BlogMapper.getIndexBlog       : ==>  Preparing: /*主页博客展示*/ select b.id,b.title,b.description,b.first_Image,b.views,b.update_time, t.name typename,t.id typeid, u.nickname nickname,u.avatar FROM t_blog b,t_type t,t_user u WHERE b.type_id = t.id and u.id = b.user_id order by b.update_time desc 
2021-12-07 15:25:02.323 DEBUG 37444 --- [http-nio-8080-exec-1] c.s.mapper.BlogMapper.getIndexBlog       : ==> Parameters: 
2021-12-07 15:25:02.434 DEBUG 37444 --- [http-nio-8080-exec-1] c.s.mapper.BlogMapper.getIndexBlog       : <==      Total: 2
2021-12-07 15:25:02.458 DEBUG 37444 --- [http-nio-8080-exec-1] c.s.mapper.TypeMapper.getBlogType        : ==>  Preparing: SELECT t.id tid, t.name, b.id bid, b.title, b.type_id FROM t_type t,t_blog b where t.id = b.type_id 
2021-12-07 15:25:02.459 DEBUG 37444 --- [http-nio-8080-exec-1] c.s.mapper.TypeMapper.getBlogType        : ==> Parameters: 
2021-12-07 15:25:02.466 DEBUG 37444 --- [http-nio-8080-exec-1] c.s.mapper.TypeMapper.getBlogType        : <==      Total: 2
2021-12-07 15:25:02.476 DEBUG 37444 --- [http-nio-8080-exec-1] c.s.mapper.TagMapper.getBlogTag          : ==>  Preparing: select t.id tid, t.name, b.id bid, b.title from t_tag t, t_blog b, t_blog_tags bt where t.id = bt.tag_id and b.id = bt.blog_id 
2021-12-07 15:25:02.478 DEBUG 37444 --- [http-nio-8080-exec-1] c.s.mapper.TagMapper.getBlogTag          : ==> Parameters: 
2021-12-07 15:25:02.497 DEBUG 37444 --- [http-nio-8080-exec-1] c.s.mapper.TagMapper.getBlogTag          : <==      Total: 3
2021-12-07 15:25:02.499 DEBUG 37444 --- [http-nio-8080-exec-1] c.s.m.BlogMapper.getAllRecommendBlog     : ==>  Preparing: /*获取推荐博客列表*/ select id, title, recommend from t_blog order by update_time desc; 
2021-12-07 15:25:02.500 DEBUG 37444 --- [http-nio-8080-exec-1] c.s.m.BlogMapper.getAllRecommendBlog     : ==> Parameters: 
2021-12-07 15:25:02.505 DEBUG 37444 --- [http-nio-8080-exec-1] c.s.m.BlogMapper.getAllRecommendBlog     : <==      Total: 2
2021-12-07 15:25:02.511  INFO 37444 --- [http-nio-8080-exec-1] com.springbootmyblog.aspect.LogAspect    : Result:{}index
2021-12-07 15:25:03.800  INFO 37444 --- [http-nio-8080-exec-2] com.springbootmyblog.aspect.LogAspect    : Request : RequestLog{url='http://localhost:8080/', ip='0:0:0:0:0:0:0:1', classMethod='com.springbootmyblog.controller.IndexController.index', args=[1, {}]}
2021-12-07 15:25:03.805 DEBUG 37444 --- [http-nio-8080-exec-2] c.s.mapper.BlogMapper.getIndexBlog       : ==>  Preparing: /*主页博客展示*/ select b.id,b.title,b.description,b.first_Image,b.views,b.update_time, t.name typename,t.id typeid, u.nickname nickname,u.avatar FROM t_blog b,t_type t,t_user u WHERE b.type_id = t.id and u.id = b.user_id order by b.update_time desc 
2021-12-07 15:25:03.806 DEBUG 37444 --- [http-nio-8080-exec-2] c.s.mapper.BlogMapper.getIndexBlog       : ==> Parameters: 
2021-12-07 15:25:03.816 DEBUG 37444 --- [http-nio-8080-exec-2] c.s.mapper.BlogMapper.getIndexBlog       : <==      Total: 2
2021-12-07 15:25:03.818 DEBUG 37444 --- [http-nio-8080-exec-2] c.s.mapper.TypeMapper.getBlogType        : ==>  Preparing: SELECT t.id tid, t.name, b.id bid, b.title, b.type_id FROM t_type t,t_blog b where t.id = b.type_id 
2021-12-07 15:25:03.819 DEBUG 37444 --- [http-nio-8080-exec-2] c.s.mapper.TypeMapper.getBlogType        : ==> Parameters: 
2021-12-07 15:25:03.823 DEBUG 37444 --- [http-nio-8080-exec-2] c.s.mapper.TypeMapper.getBlogType        : <==      Total: 2
2021-12-07 15:25:03.824 DEBUG 37444 --- [http-nio-8080-exec-2] c.s.mapper.TagMapper.getBlogTag          : ==>  Preparing: select t.id tid, t.name, b.id bid, b.title from t_tag t, t_blog b, t_blog_tags bt where t.id = bt.tag_id and b.id = bt.blog_id 
2021-12-07 15:25:03.825 DEBUG 37444 --- [http-nio-8080-exec-2] c.s.mapper.TagMapper.getBlogTag          : ==> Parameters: 
2021-12-07 15:25:03.828 DEBUG 37444 --- [http-nio-8080-exec-2] c.s.mapper.TagMapper.getBlogTag          : <==      Total: 3
2021-12-07 15:25:03.829 DEBUG 37444 --- [http-nio-8080-exec-2] c.s.m.BlogMapper.getAllRecommendBlog     : ==>  Preparing: /*获取推荐博客列表*/ select id, title, recommend from t_blog order by update_time desc; 
2021-12-07 15:25:03.829 DEBUG 37444 --- [http-nio-8080-exec-2] c.s.m.BlogMapper.getAllRecommendBlog     : ==> Parameters: 
2021-12-07 15:25:03.836 DEBUG 37444 --- [http-nio-8080-exec-2] c.s.m.BlogMapper.getAllRecommendBlog     : <==      Total: 2
2021-12-07 15:25:03.837  INFO 37444 --- [http-nio-8080-exec-2] com.springbootmyblog.aspect.LogAspect    : Result:{}index
2021-12-07 15:25:04.779  INFO 37444 --- [http-nio-8080-exec-2] com.springbootmyblog.aspect.LogAspect    : Request : RequestLog{url='http://localhost:8080/', ip='0:0:0:0:0:0:0:1', classMethod='com.springbootmyblog.controller.IndexController.index', args=[1, {}]}
2021-12-07 15:25:04.825 DEBUG 37444 --- [http-nio-8080-exec-2] c.s.m.BlogMapper.getIndexBlog_COUNT      : ==>  Preparing: SELECT count(0) FROM t_blog b, t_type t, t_user u WHERE b.type_id = t.id AND u.id = b.user_id 
2021-12-07 15:25:04.825 DEBUG 37444 --- [http-nio-8080-exec-2] c.s.m.BlogMapper.getIndexBlog_COUNT      : ==> Parameters: 
2021-12-07 15:25:04.829 DEBUG 37444 --- [http-nio-8080-exec-2] c.s.m.BlogMapper.getIndexBlog_COUNT      : <==      Total: 1
2021-12-07 15:25:04.831 DEBUG 37444 --- [http-nio-8080-exec-2] c.s.mapper.BlogMapper.getIndexBlog       : ==>  Preparing: /*主页博客展示*/ select b.id,b.title,b.description,b.first_Image,b.views,b.update_time, t.name typename,t.id typeid, u.nickname nickname,u.avatar FROM t_blog b,t_type t,t_user u WHERE b.type_id = t.id and u.id = b.user_id order by b.update_time desc LIMIT ? 
2021-12-07 15:25:04.832 DEBUG 37444 --- [http-nio-8080-exec-2] c.s.mapper.BlogMapper.getIndexBlog       : ==> Parameters: 8(Integer)
2021-12-07 15:25:04.838 DEBUG 37444 --- [http-nio-8080-exec-2] c.s.mapper.BlogMapper.getIndexBlog       : <==      Total: 2
2021-12-07 15:25:04.840 DEBUG 37444 --- [http-nio-8080-exec-2] c.s.mapper.TypeMapper.getBlogType        : ==>  Preparing: SELECT t.id tid, t.name, b.id bid, b.title, b.type_id FROM t_type t,t_blog b where t.id = b.type_id 
2021-12-07 15:25:04.840 DEBUG 37444 --- [http-nio-8080-exec-2] c.s.mapper.TypeMapper.getBlogType        : ==> Parameters: 
2021-12-07 15:25:04.844 DEBUG 37444 --- [http-nio-8080-exec-2] c.s.mapper.TypeMapper.getBlogType        : <==      Total: 2
2021-12-07 15:25:04.845 DEBUG 37444 --- [http-nio-8080-exec-2] c.s.mapper.TagMapper.getBlogTag          : ==>  Preparing: select t.id tid, t.name, b.id bid, b.title from t_tag t, t_blog b, t_blog_tags bt where t.id = bt.tag_id and b.id = bt.blog_id 
2021-12-07 15:25:04.845 DEBUG 37444 --- [http-nio-8080-exec-2] c.s.mapper.TagMapper.getBlogTag          : ==> Parameters: 
2021-12-07 15:25:04.850 DEBUG 37444 --- [http-nio-8080-exec-2] c.s.mapper.TagMapper.getBlogTag          : <==      Total: 3
2021-12-07 15:25:04.850 DEBUG 37444 --- [http-nio-8080-exec-2] c.s.m.BlogMapper.getAllRecommendBlog     : ==>  Preparing: /*获取推荐博客列表*/ select id, title, recommend from t_blog order by update_time desc; 
2021-12-07 15:25:04.851 DEBUG 37444 --- [http-nio-8080-exec-2] c.s.m.BlogMapper.getAllRecommendBlog     : ==> Parameters: 
2021-12-07 15:25:04.854 DEBUG 37444 --- [http-nio-8080-exec-2] c.s.m.BlogMapper.getAllRecommendBlog     : <==      Total: 2
2021-12-07 15:25:04.855  INFO 37444 --- [http-nio-8080-exec-2] com.springbootmyblog.aspect.LogAspect    : Result:{}index
2021-12-07 15:25:37.841 DEBUG 37444 --- [http-nio-8080-exec-5] c.s.mapper.UserMapper.examination        : ==>  Preparing: select * from t_user where username = ? and password = ?; 
2021-12-07 15:25:37.843 DEBUG 37444 --- [http-nio-8080-exec-5] c.s.mapper.UserMapper.examination        : ==> Parameters: admin(String), e10adc3949ba59abbe56e057f20f883e(String)
2021-12-07 15:25:37.846 DEBUG 37444 --- [http-nio-8080-exec-5] c.s.mapper.UserMapper.examination        : <==      Total: 0
2021-12-07 15:26:02.778 DEBUG 37444 --- [http-nio-8080-exec-9] c.s.mapper.UserMapper.examination        : ==>  Preparing: select * from t_user where username = ? and password = ?; 
2021-12-07 15:26:02.780 DEBUG 37444 --- [http-nio-8080-exec-9] c.s.mapper.UserMapper.examination        : ==> Parameters: zhao(String), e10adc3949ba59abbe56e057f20f883e(String)
2021-12-07 15:26:02.789 DEBUG 37444 --- [http-nio-8080-exec-9] c.s.mapper.UserMapper.examination        : <==      Total: 1
2021-12-07 15:26:05.836 DEBUG 37444 --- [http-nio-8080-exec-10] c.s.mapper.TypeMapper.listType_COUNT     : ==>  Preparing: SELECT count(0) FROM t_type 
2021-12-07 15:26:05.838 DEBUG 37444 --- [http-nio-8080-exec-10] c.s.mapper.TypeMapper.listType_COUNT     : ==> Parameters: 
2021-12-07 15:26:05.848 DEBUG 37444 --- [http-nio-8080-exec-10] c.s.mapper.TypeMapper.listType_COUNT     : <==      Total: 1
2021-12-07 15:26:05.852 DEBUG 37444 --- [http-nio-8080-exec-10] c.s.mapper.TypeMapper.listType           : ==>  Preparing: select * from t_type LIMIT ? 
2021-12-07 15:26:05.853 DEBUG 37444 --- [http-nio-8080-exec-10] c.s.mapper.TypeMapper.listType           : ==> Parameters: 2(Integer)
2021-12-07 15:26:05.856 DEBUG 37444 --- [http-nio-8080-exec-10] c.s.mapper.TypeMapper.listType           : <==      Total: 2
2021-12-07 15:26:12.434 DEBUG 37444 --- [http-nio-8080-exec-5] c.s.mapper.TagMapper.listTag_COUNT       : ==>  Preparing: SELECT count(0) FROM t_tag 
2021-12-07 15:26:12.435 DEBUG 37444 --- [http-nio-8080-exec-5] c.s.mapper.TagMapper.listTag_COUNT       : ==> Parameters: 
2021-12-07 15:26:12.451 DEBUG 37444 --- [http-nio-8080-exec-5] c.s.mapper.TagMapper.listTag_COUNT       : <==      Total: 1
2021-12-07 15:26:12.453 DEBUG 37444 --- [http-nio-8080-exec-5] c.s.mapper.TagMapper.listTag             : ==>  Preparing: select * from t_tag LIMIT ? 
2021-12-07 15:26:12.455 DEBUG 37444 --- [http-nio-8080-exec-5] c.s.mapper.TagMapper.listTag             : ==> Parameters: 4(Integer)
2021-12-07 15:26:12.462 DEBUG 37444 --- [http-nio-8080-exec-5] c.s.mapper.TagMapper.listTag             : <==      Total: 4
2021-12-07 15:27:58.943 DEBUG 37444 --- [http-nio-8080-exec-10] c.s.mapper.BlogMapper.getAllBlog_COUNT   : ==>  Preparing: SELECT count(0) FROM t_blog b, t_type t WHERE b.type_id = t.id 
2021-12-07 15:27:58.945 DEBUG 37444 --- [http-nio-8080-exec-10] c.s.mapper.BlogMapper.getAllBlog_COUNT   : ==> Parameters: 
2021-12-07 15:27:58.949 DEBUG 37444 --- [http-nio-8080-exec-10] c.s.mapper.BlogMapper.getAllBlog_COUNT   : <==      Total: 1
2021-12-07 15:27:58.951 DEBUG 37444 --- [http-nio-8080-exec-10] c.s.mapper.BlogMapper.getAllBlog         : ==>  Preparing: /*后台博客列表*/ SELECT b.id, b.title, b.update_time, b.recommend, b.type_id, b.published, t.id typeid, t.name typename from t_blog b,t_type t where b.type_id=t.id LIMIT ? 
2021-12-07 15:27:58.953 DEBUG 37444 --- [http-nio-8080-exec-10] c.s.mapper.BlogMapper.getAllBlog         : ==> Parameters: 5(Integer)
2021-12-07 15:27:58.963 DEBUG 37444 --- [http-nio-8080-exec-10] c.s.mapper.BlogMapper.getAllBlog         : <==      Total: 2
2021-12-07 15:27:58.965 DEBUG 37444 --- [http-nio-8080-exec-10] c.s.mapper.TypeMapper.listType           : ==>  Preparing: select * from t_type 
2021-12-07 15:27:58.967 DEBUG 37444 --- [http-nio-8080-exec-10] c.s.mapper.TypeMapper.listType           : ==> Parameters: 
2021-12-07 15:27:58.971 DEBUG 37444 --- [http-nio-8080-exec-10] c.s.mapper.TypeMapper.listType           : <==      Total: 6
2021-12-07 15:28:09.913  INFO 37444 --- [http-nio-8080-exec-5] com.springbootmyblog.aspect.LogAspect    : Request : RequestLog{url='http://localhost:8080/', ip='0:0:0:0:0:0:0:1', classMethod='com.springbootmyblog.controller.IndexController.index', args=[1, {}]}
2021-12-07 15:28:09.914 DEBUG 37444 --- [http-nio-8080-exec-5] c.s.mapper.BlogMapper.getIndexBlog       : ==>  Preparing: /*主页博客展示*/ select b.id,b.title,b.description,b.first_Image,b.views,b.update_time, t.name typename,t.id typeid, u.nickname nickname,u.avatar FROM t_blog b,t_type t,t_user u WHERE b.type_id = t.id and u.id = b.user_id order by b.update_time desc 
2021-12-07 15:28:09.914 DEBUG 37444 --- [http-nio-8080-exec-5] c.s.mapper.BlogMapper.getIndexBlog       : ==> Parameters: 
2021-12-07 15:28:09.921 DEBUG 37444 --- [http-nio-8080-exec-5] c.s.mapper.BlogMapper.getIndexBlog       : <==      Total: 2
2021-12-07 15:28:09.923 DEBUG 37444 --- [http-nio-8080-exec-5] c.s.mapper.TypeMapper.getBlogType        : ==>  Preparing: SELECT t.id tid, t.name, b.id bid, b.title, b.type_id FROM t_type t,t_blog b where t.id = b.type_id 
2021-12-07 15:28:09.924 DEBUG 37444 --- [http-nio-8080-exec-5] c.s.mapper.TypeMapper.getBlogType        : ==> Parameters: 
2021-12-07 15:28:09.926 DEBUG 37444 --- [http-nio-8080-exec-5] c.s.mapper.TypeMapper.getBlogType        : <==      Total: 2
2021-12-07 15:28:09.927 DEBUG 37444 --- [http-nio-8080-exec-5] c.s.mapper.TagMapper.getBlogTag          : ==>  Preparing: select t.id tid, t.name, b.id bid, b.title from t_tag t, t_blog b, t_blog_tags bt where t.id = bt.tag_id and b.id = bt.blog_id 
2021-12-07 15:28:09.928 DEBUG 37444 --- [http-nio-8080-exec-5] c.s.mapper.TagMapper.getBlogTag          : ==> Parameters: 
2021-12-07 15:28:09.930 DEBUG 37444 --- [http-nio-8080-exec-5] c.s.mapper.TagMapper.getBlogTag          : <==      Total: 3
2021-12-07 15:28:09.931 DEBUG 37444 --- [http-nio-8080-exec-5] c.s.m.BlogMapper.getAllRecommendBlog     : ==>  Preparing: /*获取推荐博客列表*/ select id, title, recommend from t_blog order by update_time desc; 
2021-12-07 15:28:09.931 DEBUG 37444 --- [http-nio-8080-exec-5] c.s.m.BlogMapper.getAllRecommendBlog     : ==> Parameters: 
2021-12-07 15:28:09.933 DEBUG 37444 --- [http-nio-8080-exec-5] c.s.m.BlogMapper.getAllRecommendBlog     : <==      Total: 2
2021-12-07 15:28:09.934  INFO 37444 --- [http-nio-8080-exec-5] com.springbootmyblog.aspect.LogAspect    : Result:{}index
2021-12-07 15:28:14.183  INFO 37444 --- [http-nio-8080-exec-5] com.springbootmyblog.aspect.LogAspect    : Request : RequestLog{url='http://localhost:8080/blog/4', ip='0:0:0:0:0:0:0:1', classMethod='com.springbootmyblog.controller.IndexController.blog', args=[4, {}]}
2021-12-07 15:28:14.193 DEBUG 37444 --- [http-nio-8080-exec-5] c.s.m.BlogMapper.getDetailedBlog_COUNT   : ==>  Preparing: SELECT count(0) FROM t_blog b, t_user u, t_tag tag, t_blog_tags tb WHERE b.user_id = u.id AND tb.blog_id = b.id AND tb.tag_id = tag.id AND b.id = ? 
2021-12-07 15:28:14.193 DEBUG 37444 --- [http-nio-8080-exec-5] c.s.m.BlogMapper.getDetailedBlog_COUNT   : ==> Parameters: 4(Long)
2021-12-07 15:28:14.196 DEBUG 37444 --- [http-nio-8080-exec-5] c.s.m.BlogMapper.getDetailedBlog_COUNT   : <==      Total: 1
2021-12-07 15:28:14.197 DEBUG 37444 --- [http-nio-8080-exec-5] c.s.mapper.BlogMapper.getDetailedBlog    : ==>  Preparing: /*博客详情*/ select b.id, b.first_Image, b.flag, b.title, b.content, b.views, b.update_time,b.commentabled, b.reprint_statement, b.appreciation, u.nickname, u.avatar,b.published,b.recommend, tag.id tagid, tag.name tagname from t_blog b, t_user u, t_tag tag, t_blog_tags tb where b.user_id = u.id and tb.blog_id = b.id and tb.tag_id = tag.id and b.id = ? LIMIT ? 
2021-12-07 15:28:14.198 DEBUG 37444 --- [http-nio-8080-exec-5] c.s.mapper.BlogMapper.getDetailedBlog    : ==> Parameters: 4(Long), 8(Integer)
2021-12-07 15:28:14.202 DEBUG 37444 --- [http-nio-8080-exec-5] c.s.mapper.BlogMapper.getDetailedBlog    : <==      Total: 2
2021-12-07 15:28:14.203 DEBUG 37444 --- [http-nio-8080-exec-5] c.s.mapper.BlogMapper.viewIncrease       : ==>  Preparing: update t_blog set views=?+1 WHERE id=? 
2021-12-07 15:28:14.204 DEBUG 37444 --- [http-nio-8080-exec-5] c.s.mapper.BlogMapper.viewIncrease       : ==> Parameters: 87(Integer), 4(Long)
2021-12-07 15:28:14.211 DEBUG 37444 --- [http-nio-8080-exec-5] c.s.mapper.BlogMapper.viewIncrease       : <==    Updates: 1
2021-12-07 15:28:14.297  INFO 37444 --- [http-nio-8080-exec-5] com.springbootmyblog.aspect.LogAspect    : Result:{}blog
2021-12-07 15:28:15.225  INFO 37444 --- [http-nio-8080-exec-3] com.springbootmyblog.aspect.LogAspect    : Request : RequestLog{url='http://localhost:8080/comments/4', ip='0:0:0:0:0:0:0:1', classMethod='com.springbootmyblog.controller.CommentController.comments', args=[4, {}]}
2021-12-07 15:28:15.237 DEBUG 37444 --- [http-nio-8080-exec-3] c.s.m.C.findByBlogIdAndParentCommentNull : ==>  Preparing: SELECT c.id cid,c.nickname,c.email,c.content,c.avatar, c.create_time,c.blog_id,c.parent_comment_id FROM t_comment c,t_blog b WHERE b.id=c.blog_id and c.blog_id=? 
2021-12-07 15:28:15.238 DEBUG 37444 --- [http-nio-8080-exec-3] c.s.m.C.findByBlogIdAndParentCommentNull : ==> Parameters: 4(Long)
2021-12-07 15:28:15.251 DEBUG 37444 --- [http-nio-8080-exec-3] c.s.m.C.findByBlogIdAndParentCommentNull : <==      Total: 4
2021-12-07 15:28:15.265  INFO 37444 --- [http-nio-8080-exec-3] com.springbootmyblog.aspect.LogAspect    : Result:{}blog :: commentList
2021-12-07 15:28:42.035 DEBUG 37444 --- [http-nio-8080-exec-1] c.s.mapper.UserMapper.examination_COUNT  : ==>  Preparing: SELECT count(0) FROM t_user WHERE username = ? AND password = ? 
2021-12-07 15:28:42.036 DEBUG 37444 --- [http-nio-8080-exec-1] c.s.mapper.UserMapper.examination_COUNT  : ==> Parameters: zhao(String), e10adc3949ba59abbe56e057f20f883e(String)
2021-12-07 15:28:42.041 DEBUG 37444 --- [http-nio-8080-exec-1] c.s.mapper.UserMapper.examination_COUNT  : <==      Total: 1
2021-12-07 15:28:42.041 DEBUG 37444 --- [http-nio-8080-exec-1] c.s.mapper.UserMapper.examination        : ==>  Preparing: select * from t_user where username = ? and password = ?; LIMIT ? 
2021-12-07 15:28:42.042 DEBUG 37444 --- [http-nio-8080-exec-1] c.s.mapper.UserMapper.examination        : ==> Parameters: zhao(String), e10adc3949ba59abbe56e057f20f883e(String), 8(Integer)
2021-12-07 15:28:42.169 ERROR 37444 --- [http-nio-8080-exec-1] o.a.c.c.C.[.[.[/].[dispatcherServlet]    : Servlet.service() for servlet [dispatcherServlet] in context with path [] threw exception [Request processing failed; nested exception is org.springframework.jdbc.BadSqlGrammarException: 
### Error querying database.  Cause: java.sql.SQLSyntaxErrorException: You have an error in your SQL syntax; check the manual that corresponds to your MySQL server version for the right syntax to use near 'LIMIT 8' at line 2
### The error may exist in file [E:\JAVA\JavaProjects\spring_myblog\target\classes\mapping\UserMapper.xml]
### The error may involve defaultParameterMap
### The error occurred while setting parameters
### SQL: select * from t_user         where username = ? and password = ?; LIMIT ?
### Cause: java.sql.SQLSyntaxErrorException: You have an error in your SQL syntax; check the manual that corresponds to your MySQL server version for the right syntax to use near 'LIMIT 8' at line 2
; bad SQL grammar []; nested exception is java.sql.SQLSyntaxErrorException: You have an error in your SQL syntax; check the manual that corresponds to your MySQL server version for the right syntax to use near 'LIMIT 8' at line 2] with root cause

java.sql.SQLSyntaxErrorException: You have an error in your SQL syntax; check the manual that corresponds to your MySQL server version for the right syntax to use near 'LIMIT 8' at line 2
	at com.mysql.cj.jdbc.exceptions.SQLError.createSQLException(SQLError.java:120) ~[mysql-connector-java-8.0.25.jar:8.0.25]
	at com.mysql.cj.jdbc.exceptions.SQLExceptionsMapping.translateException(SQLExceptionsMapping.java:122) ~[mysql-connector-java-8.0.25.jar:8.0.25]
	at com.mysql.cj.jdbc.ClientPreparedStatement.executeInternal(ClientPreparedStatement.java:953) ~[mysql-connector-java-8.0.25.jar:8.0.25]
	at com.mysql.cj.jdbc.ClientPreparedStatement.execute(ClientPreparedStatement.java:370) ~[mysql-connector-java-8.0.25.jar:8.0.25]
	at com.zaxxer.hikari.pool.ProxyPreparedStatement.execute(ProxyPreparedStatement.java:44) ~[HikariCP-4.0.3.jar:na]
	at com.zaxxer.hikari.pool.HikariProxyPreparedStatement.execute(HikariProxyPreparedStatement.java) ~[HikariCP-4.0.3.jar:na]
	at sun.reflect.GeneratedMethodAccessor81.invoke(Unknown Source) ~[na:na]
	at sun.reflect.DelegatingMethodAccessorImpl.invoke(DelegatingMethodAccessorImpl.java:43) ~[na:1.8.0_241]
	at java.lang.reflect.Method.invoke(Method.java:498) ~[na:1.8.0_241]
	at org.apache.ibatis.logging.jdbc.PreparedStatementLogger.invoke(PreparedStatementLogger.java:59) ~[mybatis-3.5.0.jar:3.5.0]
	at com.sun.proxy.$Proxy103.execute(Unknown Source) ~[na:na]
	at org.apache.ibatis.executor.statement.PreparedStatementHandler.query(PreparedStatementHandler.java:64) ~[mybatis-3.5.0.jar:3.5.0]
	at org.apache.ibatis.executor.statement.RoutingStatementHandler.query(RoutingStatementHandler.java:79) ~[mybatis-3.5.0.jar:3.5.0]
	at org.apache.ibatis.executor.SimpleExecutor.doQuery(SimpleExecutor.java:63) ~[mybatis-3.5.0.jar:3.5.0]
	at org.apache.ibatis.executor.BaseExecutor.queryFromDatabase(BaseExecutor.java:324) ~[mybatis-3.5.0.jar:3.5.0]
	at org.apache.ibatis.executor.BaseExecutor.query(BaseExecutor.java:156) ~[mybatis-3.5.0.jar:3.5.0]
	at org.apache.ibatis.executor.CachingExecutor.query(CachingExecutor.java:109) ~[mybatis-3.5.0.jar:3.5.0]
	at com.github.pagehelper.util.ExecutorUtil.pageQuery(ExecutorUtil.java:177) ~[pagehelper-5.1.11.jar:na]
	at com.github.pagehelper.PageInterceptor.intercept(PageInterceptor.java:104) ~[pagehelper-5.1.11.jar:na]
	at org.apache.ibatis.plugin.Plugin.invoke(Plugin.java:61) ~[mybatis-3.5.0.jar:3.5.0]
	at com.sun.proxy.$Proxy101.query(Unknown Source) ~[na:na]
	at org.apache.ibatis.session.defaults.DefaultSqlSession.selectList(DefaultSqlSession.java:148) ~[mybatis-3.5.0.jar:3.5.0]
	at org.apache.ibatis.session.defaults.DefaultSqlSession.selectList(DefaultSqlSession.java:141) ~[mybatis-3.5.0.jar:3.5.0]
	at org.apache.ibatis.session.defaults.DefaultSqlSession.selectOne(DefaultSqlSession.java:77) ~[mybatis-3.5.0.jar:3.5.0]
	at sun.reflect.NativeMethodAccessorImpl.invoke0(Native Method) ~[na:1.8.0_241]
	at sun.reflect.NativeMethodAccessorImpl.invoke(NativeMethodAccessorImpl.java:62) ~[na:1.8.0_241]
	at sun.reflect.DelegatingMethodAccessorImpl.invoke(DelegatingMethodAccessorImpl.java:43) ~[na:1.8.0_241]
	at java.lang.reflect.Method.invoke(Method.java:498) ~[na:1.8.0_241]
	at org.mybatis.spring.SqlSessionTemplate$SqlSessionInterceptor.invoke(SqlSessionTemplate.java:433) ~[mybatis-spring-2.0.0.jar:2.0.0]
	at com.sun.proxy.$Proxy72.selectOne(Unknown Source) ~[na:na]
	at org.mybatis.spring.SqlSessionTemplate.selectOne(SqlSessionTemplate.java:166) ~[mybatis-spring-2.0.0.jar:2.0.0]
	at org.apache.ibatis.binding.MapperMethod.execute(MapperMethod.java:84) ~[mybatis-3.5.0.jar:3.5.0]
	at org.apache.ibatis.binding.MapperProxy.invoke(MapperProxy.java:58) ~[mybatis-3.5.0.jar:3.5.0]
	at com.sun.proxy.$Proxy81.examination(Unknown Source) ~[na:na]
	at sun.reflect.NativeMethodAccessorImpl.invoke0(Native Method) ~[na:1.8.0_241]
	at sun.reflect.NativeMethodAccessorImpl.invoke(NativeMethodAccessorImpl.java:62) ~[na:1.8.0_241]
	at sun.reflect.DelegatingMethodAccessorImpl.invoke(DelegatingMethodAccessorImpl.java:43) ~[na:1.8.0_241]
	at java.lang.reflect.Method.invoke(Method.java:498) ~[na:1.8.0_241]
	at org.springframework.aop.support.AopUtils.invokeJoinpointUsingReflection(AopUtils.java:344) ~[spring-aop-5.3.7.jar:5.3.7]
	at org.springframework.aop.framework.ReflectiveMethodInvocation.invokeJoinpoint(ReflectiveMethodInvocation.java:198) ~[spring-aop-5.3.7.jar:5.3.7]
	at org.springframework.aop.framework.ReflectiveMethodInvocation.proceed(ReflectiveMethodInvocation.java:163) ~[spring-aop-5.3.7.jar:5.3.7]
	at org.springframework.dao.support.PersistenceExceptionTranslationInterceptor.invoke(PersistenceExceptionTranslationInterceptor.java:137) ~[spring-tx-5.3.7.jar:5.3.7]
	at org.springframework.aop.framework.ReflectiveMethodInvocation.proceed(ReflectiveMethodInvocation.java:186) ~[spring-aop-5.3.7.jar:5.3.7]
	at org.springframework.aop.framework.JdkDynamicAopProxy.invoke(JdkDynamicAopProxy.java:215) ~[spring-aop-5.3.7.jar:5.3.7]
	at com.sun.proxy.$Proxy82.examination(Unknown Source) ~[na:na]
	at com.springbootmyblog.service.UserServiceImp.checkUser(UserServiceImp.java:19) ~[classes/:na]
	at com.springbootmyblog.controller.admin.LoginController.login(LoginController.java:35) ~[classes/:na]
	at sun.reflect.NativeMethodAccessorImpl.invoke0(Native Method) ~[na:1.8.0_241]
	at sun.reflect.NativeMethodAccessorImpl.invoke(NativeMethodAccessorImpl.java:62) ~[na:1.8.0_241]
	at sun.reflect.DelegatingMethodAccessorImpl.invoke(DelegatingMethodAccessorImpl.java:43) ~[na:1.8.0_241]
	at java.lang.reflect.Method.invoke(Method.java:498) ~[na:1.8.0_241]
	at org.springframework.web.method.support.InvocableHandlerMethod.doInvoke(InvocableHandlerMethod.java:197) ~[spring-web-5.3.7.jar:5.3.7]
	at org.springframework.web.method.support.InvocableHandlerMethod.invokeForRequest(InvocableHandlerMethod.java:141) ~[spring-web-5.3.7.jar:5.3.7]
	at org.springframework.web.servlet.mvc.method.annotation.ServletInvocableHandlerMethod.invokeAndHandle(ServletInvocableHandlerMethod.java:106) ~[spring-webmvc-5.3.7.jar:5.3.7]
	at org.springframework.web.servlet.mvc.method.annotation.RequestMappingHandlerAdapter.invokeHandlerMethod(RequestMappingHandlerAdapter.java:894) ~[spring-webmvc-5.3.7.jar:5.3.7]
	at org.springframework.web.servlet.mvc.method.annotation.RequestMappingHandlerAdapter.handleInternal(RequestMappingHandlerAdapter.java:808) ~[spring-webmvc-5.3.7.jar:5.3.7]
	at org.springframework.web.servlet.mvc.method.AbstractHandlerMethodAdapter.handle(AbstractHandlerMethodAdapter.java:87) ~[spring-webmvc-5.3.7.jar:5.3.7]
	at org.springframework.web.servlet.DispatcherServlet.doDispatch(DispatcherServlet.java:1063) ~[spring-webmvc-5.3.7.jar:5.3.7]
	at org.springframework.web.servlet.DispatcherServlet.doService(DispatcherServlet.java:963) ~[spring-webmvc-5.3.7.jar:5.3.7]
	at org.springframework.web.servlet.FrameworkServlet.processRequest(FrameworkServlet.java:1006) ~[spring-webmvc-5.3.7.jar:5.3.7]
	at org.springframework.web.servlet.FrameworkServlet.doPost(FrameworkServlet.java:909) ~[spring-webmvc-5.3.7.jar:5.3.7]
	at javax.servlet.http.HttpServlet.service(HttpServlet.java:652) ~[tomcat-embed-core-9.0.46.jar:4.0.FR]
	at org.springframework.web.servlet.FrameworkServlet.service(FrameworkServlet.java:883) ~[spring-webmvc-5.3.7.jar:5.3.7]
	at javax.servlet.http.HttpServlet.service(HttpServlet.java:733) ~[tomcat-embed-core-9.0.46.jar:4.0.FR]
	at org.apache.catalina.core.ApplicationFilterChain.internalDoFilter(ApplicationFilterChain.java:227) ~[tomcat-embed-core-9.0.46.jar:9.0.46]
	at org.apache.catalina.core.ApplicationFilterChain.doFilter(ApplicationFilterChain.java:162) ~[tomcat-embed-core-9.0.46.jar:9.0.46]
	at org.apache.tomcat.websocket.server.WsFilter.doFilter(WsFilter.java:53) ~[tomcat-embed-websocket-9.0.46.jar:9.0.46]
	at org.apache.catalina.core.ApplicationFilterChain.internalDoFilter(ApplicationFilterChain.java:189) ~[tomcat-embed-core-9.0.46.jar:9.0.46]
	at org.apache.catalina.core.ApplicationFilterChain.doFilter(ApplicationFilterChain.java:162) ~[tomcat-embed-core-9.0.46.jar:9.0.46]
	at org.springframework.web.filter.RequestContextFilter.doFilterInternal(RequestContextFilter.java:100) ~[spring-web-5.3.7.jar:5.3.7]
	at org.springframework.web.filter.OncePerRequestFilter.doFilter(OncePerRequestFilter.java:119) ~[spring-web-5.3.7.jar:5.3.7]
	at org.apache.catalina.core.ApplicationFilterChain.internalDoFilter(ApplicationFilterChain.java:189) ~[tomcat-embed-core-9.0.46.jar:9.0.46]
	at org.apache.catalina.core.ApplicationFilterChain.doFilter(ApplicationFilterChain.java:162) ~[tomcat-embed-core-9.0.46.jar:9.0.46]
	at org.springframework.web.filter.FormContentFilter.doFilterInternal(FormContentFilter.java:93) ~[spring-web-5.3.7.jar:5.3.7]
	at org.springframework.web.filter.OncePerRequestFilter.doFilter(OncePerRequestFilter.java:119) ~[spring-web-5.3.7.jar:5.3.7]
	at org.apache.catalina.core.ApplicationFilterChain.internalDoFilter(ApplicationFilterChain.java:189) ~[tomcat-embed-core-9.0.46.jar:9.0.46]
	at org.apache.catalina.core.ApplicationFilterChain.doFilter(ApplicationFilterChain.java:162) ~[tomcat-embed-core-9.0.46.jar:9.0.46]
	at org.springframework.web.filter.CharacterEncodingFilter.doFilterInternal(CharacterEncodingFilter.java:201) ~[spring-web-5.3.7.jar:5.3.7]
	at org.springframework.web.filter.OncePerRequestFilter.doFilter(OncePerRequestFilter.java:119) ~[spring-web-5.3.7.jar:5.3.7]
	at org.apache.catalina.core.ApplicationFilterChain.internalDoFilter(ApplicationFilterChain.java:189) ~[tomcat-embed-core-9.0.46.jar:9.0.46]
	at org.apache.catalina.core.ApplicationFilterChain.doFilter(ApplicationFilterChain.java:162) ~[tomcat-embed-core-9.0.46.jar:9.0.46]
	at org.apache.catalina.core.StandardWrapperValve.invoke(StandardWrapperValve.java:202) ~[tomcat-embed-core-9.0.46.jar:9.0.46]
	at org.apache.catalina.core.StandardContextValve.invoke(StandardContextValve.java:97) [tomcat-embed-core-9.0.46.jar:9.0.46]
	at org.apache.catalina.authenticator.AuthenticatorBase.invoke(AuthenticatorBase.java:542) [tomcat-embed-core-9.0.46.jar:9.0.46]
	at org.apache.catalina.core.StandardHostValve.invoke(StandardHostValve.java:143) [tomcat-embed-core-9.0.46.jar:9.0.46]
	at org.apache.catalina.valves.ErrorReportValve.invoke(ErrorReportValve.java:92) [tomcat-embed-core-9.0.46.jar:9.0.46]
	at org.apache.catalina.core.StandardEngineValve.invoke(StandardEngineValve.java:78) [tomcat-embed-core-9.0.46.jar:9.0.46]
	at org.apache.catalina.connector.CoyoteAdapter.service(CoyoteAdapter.java:357) [tomcat-embed-core-9.0.46.jar:9.0.46]
	at org.apache.coyote.http11.Http11Processor.service(Http11Processor.java:374) [tomcat-embed-core-9.0.46.jar:9.0.46]
	at org.apache.coyote.AbstractProcessorLight.process(AbstractProcessorLight.java:65) [tomcat-embed-core-9.0.46.jar:9.0.46]
	at org.apache.coyote.AbstractProtocol$ConnectionHandler.process(AbstractProtocol.java:893) [tomcat-embed-core-9.0.46.jar:9.0.46]
	at org.apache.tomcat.util.net.NioEndpoint$SocketProcessor.doRun(NioEndpoint.java:1707) [tomcat-embed-core-9.0.46.jar:9.0.46]
	at org.apache.tomcat.util.net.SocketProcessorBase.run(SocketProcessorBase.java:49) [tomcat-embed-core-9.0.46.jar:9.0.46]
	at java.util.concurrent.ThreadPoolExecutor.runWorker(ThreadPoolExecutor.java:1149) [na:1.8.0_241]
	at java.util.concurrent.ThreadPoolExecutor$Worker.run(ThreadPoolExecutor.java:624) [na:1.8.0_241]
	at org.apache.tomcat.util.threads.TaskThread$WrappingRunnable.run(TaskThread.java:61) [tomcat-embed-core-9.0.46.jar:9.0.46]
	at java.lang.Thread.run(Thread.java:748) [na:1.8.0_241]

2021-12-07 15:29:10.319 DEBUG 37444 --- [http-nio-8080-exec-1] c.s.mapper.UserMapper.examination        : ==>  Preparing: select * from t_user where username = ? and password = ?; 
2021-12-07 15:29:10.320 DEBUG 37444 --- [http-nio-8080-exec-1] c.s.mapper.UserMapper.examination        : ==> Parameters: zhao(String), e10adc3949ba59abbe56e057f20f883e(String)
2021-12-07 15:29:10.326 DEBUG 37444 --- [http-nio-8080-exec-1] c.s.mapper.UserMapper.examination        : <==      Total: 1
2021-12-07 15:29:12.997 DEBUG 37444 --- [http-nio-8080-exec-2] c.s.mapper.BlogMapper.getAllBlog_COUNT   : ==>  Preparing: SELECT count(0) FROM t_blog b, t_type t WHERE b.type_id = t.id 
2021-12-07 15:29:12.998 DEBUG 37444 --- [http-nio-8080-exec-2] c.s.mapper.BlogMapper.getAllBlog_COUNT   : ==> Parameters: 
2021-12-07 15:29:13.001 DEBUG 37444 --- [http-nio-8080-exec-2] c.s.mapper.BlogMapper.getAllBlog_COUNT   : <==      Total: 1
2021-12-07 15:29:13.003 DEBUG 37444 --- [http-nio-8080-exec-2] c.s.mapper.BlogMapper.getAllBlog         : ==>  Preparing: /*后台博客列表*/ SELECT b.id, b.title, b.update_time, b.recommend, b.type_id, b.published, t.id typeid, t.name typename from t_blog b,t_type t where b.type_id=t.id LIMIT ? 
2021-12-07 15:29:13.004 DEBUG 37444 --- [http-nio-8080-exec-2] c.s.mapper.BlogMapper.getAllBlog         : ==> Parameters: 5(Integer)
2021-12-07 15:29:13.014 DEBUG 37444 --- [http-nio-8080-exec-2] c.s.mapper.BlogMapper.getAllBlog         : <==      Total: 2
2021-12-07 15:29:13.017 DEBUG 37444 --- [http-nio-8080-exec-2] c.s.mapper.TypeMapper.listType           : ==>  Preparing: select * from t_type 
2021-12-07 15:29:13.018 DEBUG 37444 --- [http-nio-8080-exec-2] c.s.mapper.TypeMapper.listType           : ==> Parameters: 
2021-12-07 15:29:13.023 DEBUG 37444 --- [http-nio-8080-exec-2] c.s.mapper.TypeMapper.listType           : <==      Total: 6
2021-12-07 15:29:26.840 DEBUG 37444 --- [http-nio-8080-exec-6] c.s.mapper.TypeMapper.listType           : ==>  Preparing: select * from t_type 
2021-12-07 15:29:26.841 DEBUG 37444 --- [http-nio-8080-exec-6] c.s.mapper.TypeMapper.listType           : ==> Parameters: 
2021-12-07 15:29:26.847 DEBUG 37444 --- [http-nio-8080-exec-6] c.s.mapper.TypeMapper.listType           : <==      Total: 6
2021-12-07 15:29:26.849 DEBUG 37444 --- [http-nio-8080-exec-6] c.s.mapper.TagMapper.listTag             : ==>  Preparing: select * from t_tag 
2021-12-07 15:29:26.850 DEBUG 37444 --- [http-nio-8080-exec-6] c.s.mapper.TagMapper.listTag             : ==> Parameters: 
2021-12-07 15:29:26.859 DEBUG 37444 --- [http-nio-8080-exec-6] c.s.mapper.TagMapper.listTag             : <==      Total: 13
2021-12-07 15:48:39.215  WARN 37444 --- [HikariPool-1 housekeeper] com.zaxxer.hikari.pool.HikariPool        : HikariPool-1 - Thread starvation or clock leap detected (housekeeper delta=8m6s600ms262µs100ns).
2021-12-07 15:55:13.705  INFO 37444 --- [http-nio-8080-exec-2] com.springbootmyblog.aspect.LogAspect    : Request : RequestLog{url='http://localhost:8080/', ip='0:0:0:0:0:0:0:1', classMethod='com.springbootmyblog.controller.IndexController.index', args=[1, {}]}
2021-12-07 15:55:13.709 DEBUG 37444 --- [http-nio-8080-exec-2] c.s.mapper.BlogMapper.getIndexBlog       : ==>  Preparing: /*主页博客展示*/ select b.id,b.title,b.description,b.first_Image,b.views,b.update_time, t.name typename,t.id typeid, u.nickname nickname,u.avatar FROM t_blog b,t_type t,t_user u WHERE b.type_id = t.id and u.id = b.user_id order by b.update_time desc 
2021-12-07 15:55:13.709 DEBUG 37444 --- [http-nio-8080-exec-2] c.s.mapper.BlogMapper.getIndexBlog       : ==> Parameters: 
2021-12-07 15:55:13.713 DEBUG 37444 --- [http-nio-8080-exec-2] c.s.mapper.BlogMapper.getIndexBlog       : <==      Total: 2
2021-12-07 15:55:13.714 DEBUG 37444 --- [http-nio-8080-exec-2] c.s.mapper.TypeMapper.getBlogType        : ==>  Preparing: SELECT t.id tid, t.name, b.id bid, b.title, b.type_id FROM t_type t,t_blog b where t.id = b.type_id 
2021-12-07 15:55:13.714 DEBUG 37444 --- [http-nio-8080-exec-2] c.s.mapper.TypeMapper.getBlogType        : ==> Parameters: 
2021-12-07 15:55:13.716 DEBUG 37444 --- [http-nio-8080-exec-2] c.s.mapper.TypeMapper.getBlogType        : <==      Total: 2
2021-12-07 15:55:13.717 DEBUG 37444 --- [http-nio-8080-exec-2] c.s.mapper.TagMapper.getBlogTag          : ==>  Preparing: select t.id tid, t.name, b.id bid, b.title from t_tag t, t_blog b, t_blog_tags bt where t.id = bt.tag_id and b.id = bt.blog_id 
2021-12-07 15:55:13.717 DEBUG 37444 --- [http-nio-8080-exec-2] c.s.mapper.TagMapper.getBlogTag          : ==> Parameters: 
2021-12-07 15:55:13.721 DEBUG 37444 --- [http-nio-8080-exec-2] c.s.mapper.TagMapper.getBlogTag          : <==      Total: 3
2021-12-07 15:55:13.722 DEBUG 37444 --- [http-nio-8080-exec-2] c.s.m.BlogMapper.getAllRecommendBlog     : ==>  Preparing: /*获取推荐博客列表*/ select id, title, recommend from t_blog order by update_time desc; 
2021-12-07 15:55:13.722 DEBUG 37444 --- [http-nio-8080-exec-2] c.s.m.BlogMapper.getAllRecommendBlog     : ==> Parameters: 
2021-12-07 15:55:13.724 DEBUG 37444 --- [http-nio-8080-exec-2] c.s.m.BlogMapper.getAllRecommendBlog     : <==      Total: 2
2021-12-07 15:55:13.725  INFO 37444 --- [http-nio-8080-exec-2] com.springbootmyblog.aspect.LogAspect    : Result:{}index
2021-12-07 15:55:20.681  INFO 37444 --- [http-nio-8080-exec-4] com.springbootmyblog.aspect.LogAspect    : Request : RequestLog{url='http://localhost:8080/types/-1', ip='0:0:0:0:0:0:0:1', classMethod='com.springbootmyblog.controller.TypeShowController.types', args=[1, -1, {}]}
2021-12-07 15:55:20.690 DEBUG 37444 --- [http-nio-8080-exec-4] c.s.mapper.TypeMapper.getBlogType_COUNT  : ==>  Preparing: SELECT count(0) FROM t_type t, t_blog b WHERE t.id = b.type_id 
2021-12-07 15:55:20.691 DEBUG 37444 --- [http-nio-8080-exec-4] c.s.mapper.TypeMapper.getBlogType_COUNT  : ==> Parameters: 
2021-12-07 15:55:20.693 DEBUG 37444 --- [http-nio-8080-exec-4] c.s.mapper.TypeMapper.getBlogType_COUNT  : <==      Total: 1
2021-12-07 15:55:20.694 DEBUG 37444 --- [http-nio-8080-exec-4] c.s.mapper.TypeMapper.getBlogType        : ==>  Preparing: SELECT t.id tid, t.name, b.id bid, b.title, b.type_id FROM t_type t,t_blog b where t.id = b.type_id LIMIT ? 
2021-12-07 15:55:20.694 DEBUG 37444 --- [http-nio-8080-exec-4] c.s.mapper.TypeMapper.getBlogType        : ==> Parameters: 5(Integer)
2021-12-07 15:55:20.696 DEBUG 37444 --- [http-nio-8080-exec-4] c.s.mapper.TypeMapper.getBlogType        : <==      Total: 2
2021-12-07 15:55:20.698 DEBUG 37444 --- [http-nio-8080-exec-4] c.s.mapper.BlogMapper.getByTypeId        : ==>  Preparing: /*根据类型id获取博客*/ select b.id, b.title, b.first_Image, b.views, b.update_time, b.description, t.name typename, t.id typeid, u.nickname, u.avatar from t_blog b, t_type t, t_user u where b.type_id = t.id and u.id = b.user_id and b.type_id = ? order by b.update_time desc 
2021-12-07 15:55:20.698 DEBUG 37444 --- [http-nio-8080-exec-4] c.s.mapper.BlogMapper.getByTypeId        : ==> Parameters: 1(Long)
2021-12-07 15:55:20.702 DEBUG 37444 --- [http-nio-8080-exec-4] c.s.mapper.BlogMapper.getByTypeId        : <==      Total: 1
2021-12-07 15:55:20.702  INFO 37444 --- [http-nio-8080-exec-4] com.springbootmyblog.aspect.LogAspect    : Result:{}types
2021-12-07 15:55:40.686 DEBUG 37444 --- [http-nio-8080-exec-9] c.s.mapper.UserMapper.examination        : ==>  Preparing: select * from t_user where username = ? and password = ?; 
2021-12-07 15:55:40.688 DEBUG 37444 --- [http-nio-8080-exec-9] c.s.mapper.UserMapper.examination        : ==> Parameters: zhao(String), e10adc3949ba59abbe56e057f20f883e(String)
2021-12-07 15:55:40.695 DEBUG 37444 --- [http-nio-8080-exec-9] c.s.mapper.UserMapper.examination        : <==      Total: 1
2021-12-07 15:55:42.481 DEBUG 37444 --- [http-nio-8080-exec-1] c.s.mapper.TypeMapper.listType_COUNT     : ==>  Preparing: SELECT count(0) FROM t_type 
2021-12-07 15:55:42.482 DEBUG 37444 --- [http-nio-8080-exec-1] c.s.mapper.TypeMapper.listType_COUNT     : ==> Parameters: 
2021-12-07 15:55:42.488 DEBUG 37444 --- [http-nio-8080-exec-1] c.s.mapper.TypeMapper.listType_COUNT     : <==      Total: 1
2021-12-07 15:55:42.490 DEBUG 37444 --- [http-nio-8080-exec-1] c.s.mapper.TypeMapper.listType           : ==>  Preparing: select * from t_type LIMIT ? 
2021-12-07 15:55:42.491 DEBUG 37444 --- [http-nio-8080-exec-1] c.s.mapper.TypeMapper.listType           : ==> Parameters: 2(Integer)
2021-12-07 15:55:42.495 DEBUG 37444 --- [http-nio-8080-exec-1] c.s.mapper.TypeMapper.listType           : <==      Total: 2
2021-12-07 15:55:43.962 DEBUG 37444 --- [http-nio-8080-exec-4] c.s.mapper.BlogMapper.getAllBlog_COUNT   : ==>  Preparing: SELECT count(0) FROM t_blog b, t_type t WHERE b.type_id = t.id 
2021-12-07 15:55:43.963 DEBUG 37444 --- [http-nio-8080-exec-4] c.s.mapper.BlogMapper.getAllBlog_COUNT   : ==> Parameters: 
2021-12-07 15:55:43.966 DEBUG 37444 --- [http-nio-8080-exec-4] c.s.mapper.BlogMapper.getAllBlog_COUNT   : <==      Total: 1
2021-12-07 15:55:43.967 DEBUG 37444 --- [http-nio-8080-exec-4] c.s.mapper.BlogMapper.getAllBlog         : ==>  Preparing: /*后台博客列表*/ SELECT b.id, b.title, b.update_time, b.recommend, b.type_id, b.published, t.id typeid, t.name typename from t_blog b,t_type t where b.type_id=t.id LIMIT ? 
2021-12-07 15:55:43.968 DEBUG 37444 --- [http-nio-8080-exec-4] c.s.mapper.BlogMapper.getAllBlog         : ==> Parameters: 5(Integer)
2021-12-07 15:55:43.977 DEBUG 37444 --- [http-nio-8080-exec-4] c.s.mapper.BlogMapper.getAllBlog         : <==      Total: 2
2021-12-07 15:55:43.978 DEBUG 37444 --- [http-nio-8080-exec-4] c.s.mapper.TypeMapper.listType           : ==>  Preparing: select * from t_type 
2021-12-07 15:55:43.979 DEBUG 37444 --- [http-nio-8080-exec-4] c.s.mapper.TypeMapper.listType           : ==> Parameters: 
2021-12-07 15:55:43.983 DEBUG 37444 --- [http-nio-8080-exec-4] c.s.mapper.TypeMapper.listType           : <==      Total: 6
2021-12-07 15:55:46.909 DEBUG 37444 --- [http-nio-8080-exec-7] c.s.mapper.TagMapper.listTag_COUNT       : ==>  Preparing: SELECT count(0) FROM t_tag 
2021-12-07 15:55:46.910 DEBUG 37444 --- [http-nio-8080-exec-7] c.s.mapper.TagMapper.listTag_COUNT       : ==> Parameters: 
2021-12-07 15:55:46.913 DEBUG 37444 --- [http-nio-8080-exec-7] c.s.mapper.TagMapper.listTag_COUNT       : <==      Total: 1
2021-12-07 15:55:46.914 DEBUG 37444 --- [http-nio-8080-exec-7] c.s.mapper.TagMapper.listTag             : ==>  Preparing: select * from t_tag LIMIT ? 
2021-12-07 15:55:46.915 DEBUG 37444 --- [http-nio-8080-exec-7] c.s.mapper.TagMapper.listTag             : ==> Parameters: 4(Integer)
2021-12-07 15:55:46.917 DEBUG 37444 --- [http-nio-8080-exec-7] c.s.mapper.TagMapper.listTag             : <==      Total: 4
2021-12-07 15:55:50.016 DEBUG 37444 --- [http-nio-8080-exec-10] c.s.mapper.TypeMapper.listType_COUNT     : ==>  Preparing: SELECT count(0) FROM t_type 
2021-12-07 15:55:50.017 DEBUG 37444 --- [http-nio-8080-exec-10] c.s.mapper.TypeMapper.listType_COUNT     : ==> Parameters: 
2021-12-07 15:55:50.023 DEBUG 37444 --- [http-nio-8080-exec-10] c.s.mapper.TypeMapper.listType_COUNT     : <==      Total: 1
2021-12-07 15:55:50.025 DEBUG 37444 --- [http-nio-8080-exec-10] c.s.mapper.TypeMapper.listType           : ==>  Preparing: select * from t_type LIMIT ? 
2021-12-07 15:55:50.026 DEBUG 37444 --- [http-nio-8080-exec-10] c.s.mapper.TypeMapper.listType           : ==> Parameters: 2(Integer)
2021-12-07 15:55:50.031 DEBUG 37444 --- [http-nio-8080-exec-10] c.s.mapper.TypeMapper.listType           : <==      Total: 2
2021-12-07 16:42:50.155  WARN 37444 --- [HikariPool-1 housekeeper] com.zaxxer.hikari.pool.HikariPool        : HikariPool-1 - Thread starvation or clock leap detected (housekeeper delta=2m3s683ms223µs400ns).
2021-12-07 17:44:38.574  WARN 37444 --- [HikariPool-1 housekeeper] com.zaxxer.hikari.pool.HikariPool        : HikariPool-1 - Thread starvation or clock leap detected (housekeeper delta=19m47s841ms144µs200ns).
2021-12-07 18:32:44.030  WARN 37444 --- [HikariPool-1 housekeeper] com.zaxxer.hikari.pool.HikariPool        : HikariPool-1 - Thread starvation or clock leap detected (housekeeper delta=48m5s455ms459µs200ns).
